2025-08-14 02:01:57.444 [SpringApplicationShutdownHook] INFO  com.alibaba.druid.pool.DruidDataSource - {dataSource-1} closing ...
2025-08-14 02:01:57.448 [SpringApplicationShutdownHook] INFO  com.alibaba.druid.pool.DruidDataSource - {dataSource-1} closed
2025-08-14 12:08:37.999 [main] INFO  c.q.xiaohashu.auth.XiaohashuAuthApplication - Starting XiaohashuAuthApplication using Java 17 with PID 7580 (D:\Program Files\Project\IdeaProjects\xiaohashu_tang\xiaohashu-auth\target\classes started by Administrator in D:\Program Files\Project\IdeaProjects\xiaohashu_tang)
2025-08-14 12:08:38.001 [main] INFO  c.q.xiaohashu.auth.XiaohashuAuthApplication - The following 1 profile is active: "dev"
2025-08-14 12:08:38.872 [main] INFO  o.s.d.r.config.RepositoryConfigurationDelegate - Multiple Spring Data modules found, entering strict repository configuration mode
2025-08-14 12:08:38.875 [main] INFO  o.s.d.r.config.RepositoryConfigurationDelegate - Bootstrapping Spring Data Redis repositories in DEFAULT mode.
2025-08-14 12:08:38.910 [main] INFO  o.s.d.r.config.RepositoryConfigurationDelegate - Finished Spring Data repository scanning in 20 ms. Found 0 Redis repository interfaces.
2025-08-14 12:08:39.560 [main] INFO  o.s.boot.web.embedded.tomcat.TomcatWebServer - Tomcat initialized with port(s): 8080 (http)
2025-08-14 12:08:39.573 [main] INFO  org.apache.catalina.core.StandardService - Starting service [Tomcat]
2025-08-14 12:08:39.574 [main] INFO  org.apache.catalina.core.StandardEngine - Starting Servlet engine: [Apache Tomcat/10.1.5]
2025-08-14 12:08:39.642 [main] INFO  o.a.c.core.ContainerBase.[Tomcat].[localhost].[/] - Initializing Spring embedded WebApplicationContext
2025-08-14 12:08:39.643 [main] INFO  o.s.b.w.s.c.ServletWebServerApplicationContext - Root WebApplicationContext: initialization completed in 1606 ms
2025-08-14 12:08:39.745 [main] INFO  c.a.d.s.b.a.DruidDataSourceAutoConfigure - Init DruidDataSource
2025-08-14 12:08:40.037 [main] INFO  com.alibaba.druid.pool.DruidDataSource - {dataSource-1} inited
2025-08-14 12:08:40.913 [main] INFO  o.s.boot.web.embedded.tomcat.TomcatWebServer - Tomcat started on port(s): 8080 (http) with context path ''
2025-08-14 12:08:40.919 [main] INFO  c.q.xiaohashu.auth.XiaohashuAuthApplication - Started XiaohashuAuthApplication in 3.334 seconds (process running for 4.043)
2025-08-14 12:08:40.921 [main] INFO  c.q.x.auth.runner.PushRolePermissions2RedisRunner - ==> 服务启动，开始同步角色权限数据到 Redis 中...
2025-08-14 12:08:40.939 [main] DEBUG c.q.x.a.d.mapper.RoleDOMapper.selectEnableList - ==>  Preparing: select id, role_key, role_name from t_role where status = 0 and is_deleted = 0
2025-08-14 12:08:41.070 [main] DEBUG c.q.x.a.d.mapper.RoleDOMapper.selectEnableList - ==> Parameters: 
2025-08-14 12:08:41.093 [main] DEBUG c.q.x.a.d.mapper.RoleDOMapper.selectEnableList - <==      Total: 1
2025-08-14 12:08:41.107 [main] DEBUG c.q.x.a.d.m.RolePermissionDOMapper.selectByRoleIds - ==>  Preparing: select role_id, permission_id from t_role_permission_rel where role_id in ( ? )
2025-08-14 12:08:41.109 [main] DEBUG c.q.x.a.d.m.RolePermissionDOMapper.selectByRoleIds - ==> Parameters: 1(Long)
2025-08-14 12:08:41.111 [main] DEBUG c.q.x.a.d.m.RolePermissionDOMapper.selectByRoleIds - <==      Total: 2
2025-08-14 12:08:41.112 [main] DEBUG c.q.x.a.d.m.P.selectAppEnabledList - ==>  Preparing: select id, name, permission_key from t_permission where status = 0 and type = 3 and is_delete = 0;
2025-08-14 12:08:41.113 [main] DEBUG c.q.x.a.d.m.P.selectAppEnabledList - ==> Parameters: 
2025-08-14 12:08:41.152 [main] ERROR c.q.x.auth.runner.PushRolePermissions2RedisRunner - ==> 同步角色权限数据到 Redis 中失败: 
org.springframework.jdbc.BadSqlGrammarException: 
### Error querying database.  Cause: java.sql.SQLSyntaxErrorException: Unknown column 'is_delete' in 'where clause'
### The error may exist in file [D:\Program Files\Project\IdeaProjects\xiaohashu_tang\xiaohashu-auth\target\classes\mapper\PermissionDOMapper.xml]
### The error may involve defaultParameterMap
### The error occurred while setting parameters
### SQL: select id, name, permission_key from t_permission       where status = 0 and type = 3 and is_delete = 0;
### Cause: java.sql.SQLSyntaxErrorException: Unknown column 'is_delete' in 'where clause'
; bad SQL grammar []
	at org.springframework.jdbc.support.SQLErrorCodeSQLExceptionTranslator.doTranslate(SQLErrorCodeSQLExceptionTranslator.java:245)
	at org.springframework.jdbc.support.AbstractFallbackSQLExceptionTranslator.translate(AbstractFallbackSQLExceptionTranslator.java:70)
	at org.mybatis.spring.MyBatisExceptionTranslator.translateExceptionIfPossible(MyBatisExceptionTranslator.java:92)
	at org.mybatis.spring.SqlSessionTemplate$SqlSessionInterceptor.invoke(SqlSessionTemplate.java:439)
	at jdk.proxy2/jdk.proxy2.$Proxy73.selectList(Unknown Source)
	at org.mybatis.spring.SqlSessionTemplate.selectList(SqlSessionTemplate.java:224)
	at org.apache.ibatis.binding.MapperMethod.executeForMany(MapperMethod.java:147)
	at org.apache.ibatis.binding.MapperMethod.execute(MapperMethod.java:80)
	at org.apache.ibatis.binding.MapperProxy$PlainMethodInvoker.invoke(MapperProxy.java:142)
	at org.apache.ibatis.binding.MapperProxy.invoke(MapperProxy.java:86)
	at jdk.proxy2/jdk.proxy2.$Proxy85.selectAppEnabledList(Unknown Source)
	at com.quanxiaoha.xiaohashu.auth.runner.PushRolePermissions2RedisRunner.run(PushRolePermissions2RedisRunner.java:50)
	at org.springframework.boot.SpringApplication.callRunner(SpringApplication.java:758)
	at org.springframework.boot.SpringApplication.callRunners(SpringApplication.java:748)
	at org.springframework.boot.SpringApplication.run(SpringApplication.java:315)
	at org.springframework.boot.SpringApplication.run(SpringApplication.java:1302)
	at org.springframework.boot.SpringApplication.run(SpringApplication.java:1291)
	at com.quanxiaoha.xiaohashu.auth.XiaohashuAuthApplication.main(XiaohashuAuthApplication.java:11)
Caused by: java.sql.SQLSyntaxErrorException: Unknown column 'is_delete' in 'where clause'
	at com.mysql.cj.jdbc.exceptions.SQLError.createSQLException(SQLError.java:120)
	at com.mysql.cj.jdbc.exceptions.SQLExceptionsMapping.translateException(SQLExceptionsMapping.java:122)
	at com.mysql.cj.jdbc.ClientPreparedStatement.executeInternal(ClientPreparedStatement.java:916)
	at com.mysql.cj.jdbc.ClientPreparedStatement.execute(ClientPreparedStatement.java:354)
	at com.alibaba.druid.filter.FilterChainImpl.preparedStatement_execute(FilterChainImpl.java:3462)
	at com.alibaba.druid.filter.FilterAdapter.preparedStatement_execute(FilterAdapter.java:1063)
	at com.alibaba.druid.filter.FilterChainImpl.preparedStatement_execute(FilterChainImpl.java:3460)
	at com.alibaba.druid.filter.FilterEventAdapter.preparedStatement_execute(FilterEventAdapter.java:434)
	at com.alibaba.druid.filter.FilterChainImpl.preparedStatement_execute(FilterChainImpl.java:3460)
	at com.alibaba.druid.proxy.jdbc.PreparedStatementProxyImpl.execute(PreparedStatementProxyImpl.java:158)
	at com.alibaba.druid.pool.DruidPooledPreparedStatement.execute(DruidPooledPreparedStatement.java:483)
	at java.base/jdk.internal.reflect.NativeMethodAccessorImpl.invoke0(Native Method)
	at java.base/jdk.internal.reflect.NativeMethodAccessorImpl.invoke(NativeMethodAccessorImpl.java:77)
	at java.base/jdk.internal.reflect.DelegatingMethodAccessorImpl.invoke(DelegatingMethodAccessorImpl.java:43)
	at java.base/java.lang.reflect.Method.invoke(Method.java:568)
	at org.apache.ibatis.logging.jdbc.PreparedStatementLogger.invoke(PreparedStatementLogger.java:58)
	at jdk.proxy3/jdk.proxy3.$Proxy90.execute(Unknown Source)
	at org.apache.ibatis.executor.statement.PreparedStatementHandler.query(PreparedStatementHandler.java:65)
	at org.apache.ibatis.executor.statement.RoutingStatementHandler.query(RoutingStatementHandler.java:80)
	at org.apache.ibatis.executor.SimpleExecutor.doQuery(SimpleExecutor.java:65)
	at org.apache.ibatis.executor.BaseExecutor.queryFromDatabase(BaseExecutor.java:333)
	at org.apache.ibatis.executor.BaseExecutor.query(BaseExecutor.java:158)
	at org.apache.ibatis.executor.CachingExecutor.query(CachingExecutor.java:110)
	at org.apache.ibatis.executor.CachingExecutor.query(CachingExecutor.java:90)
	at org.apache.ibatis.session.defaults.DefaultSqlSession.selectList(DefaultSqlSession.java:154)
	at org.apache.ibatis.session.defaults.DefaultSqlSession.selectList(DefaultSqlSession.java:147)
	at org.apache.ibatis.session.defaults.DefaultSqlSession.selectList(DefaultSqlSession.java:142)
	at java.base/jdk.internal.reflect.NativeMethodAccessorImpl.invoke0(Native Method)
	at java.base/jdk.internal.reflect.NativeMethodAccessorImpl.invoke(NativeMethodAccessorImpl.java:77)
	at java.base/jdk.internal.reflect.DelegatingMethodAccessorImpl.invoke(DelegatingMethodAccessorImpl.java:43)
	at java.base/java.lang.reflect.Method.invoke(Method.java:568)
	at org.mybatis.spring.SqlSessionTemplate$SqlSessionInterceptor.invoke(SqlSessionTemplate.java:425)
	... 14 common frames omitted
2025-08-14 12:08:41.155 [main] INFO  c.q.x.auth.runner.PushRolePermissions2RedisRunner - ==> 服务启动，成功同步角色权限数据到 Redis 中...
2025-08-14 12:09:24.727 [SpringApplicationShutdownHook] INFO  com.alibaba.druid.pool.DruidDataSource - {dataSource-1} closing ...
2025-08-14 12:09:24.738 [SpringApplicationShutdownHook] INFO  com.alibaba.druid.pool.DruidDataSource - {dataSource-1} closed
2025-08-14 12:09:26.568 [main] INFO  c.q.xiaohashu.auth.XiaohashuAuthApplication - Starting XiaohashuAuthApplication using Java 17 with PID 8940 (D:\Program Files\Project\IdeaProjects\xiaohashu_tang\xiaohashu-auth\target\classes started by Administrator in D:\Program Files\Project\IdeaProjects\xiaohashu_tang)
2025-08-14 12:09:26.569 [main] INFO  c.q.xiaohashu.auth.XiaohashuAuthApplication - The following 1 profile is active: "dev"
2025-08-14 12:09:27.063 [main] INFO  o.s.d.r.config.RepositoryConfigurationDelegate - Multiple Spring Data modules found, entering strict repository configuration mode
2025-08-14 12:09:27.066 [main] INFO  o.s.d.r.config.RepositoryConfigurationDelegate - Bootstrapping Spring Data Redis repositories in DEFAULT mode.
2025-08-14 12:09:27.092 [main] INFO  o.s.d.r.config.RepositoryConfigurationDelegate - Finished Spring Data repository scanning in 14 ms. Found 0 Redis repository interfaces.
2025-08-14 12:09:27.576 [main] INFO  o.s.boot.web.embedded.tomcat.TomcatWebServer - Tomcat initialized with port(s): 8080 (http)
2025-08-14 12:09:27.586 [main] INFO  org.apache.catalina.core.StandardService - Starting service [Tomcat]
2025-08-14 12:09:27.587 [main] INFO  org.apache.catalina.core.StandardEngine - Starting Servlet engine: [Apache Tomcat/10.1.5]
2025-08-14 12:09:27.657 [main] INFO  o.a.c.core.ContainerBase.[Tomcat].[localhost].[/] - Initializing Spring embedded WebApplicationContext
2025-08-14 12:09:27.658 [main] INFO  o.s.b.w.s.c.ServletWebServerApplicationContext - Root WebApplicationContext: initialization completed in 1057 ms
2025-08-14 12:09:27.742 [main] INFO  c.a.d.s.b.a.DruidDataSourceAutoConfigure - Init DruidDataSource
2025-08-14 12:09:27.986 [main] INFO  com.alibaba.druid.pool.DruidDataSource - {dataSource-1} inited
2025-08-14 12:09:28.649 [main] INFO  o.s.boot.web.embedded.tomcat.TomcatWebServer - Tomcat started on port(s): 8080 (http) with context path ''
2025-08-14 12:09:28.655 [main] INFO  c.q.xiaohashu.auth.XiaohashuAuthApplication - Started XiaohashuAuthApplication in 2.425 seconds (process running for 2.768)
2025-08-14 12:09:28.657 [main] INFO  c.q.x.auth.runner.PushRolePermissions2RedisRunner - ==> 服务启动，开始同步角色权限数据到 Redis 中...
2025-08-14 12:09:28.671 [main] DEBUG c.q.x.a.d.mapper.RoleDOMapper.selectEnableList - ==>  Preparing: select id, role_key, role_name from t_role where status = 0 and is_deleted = 0
2025-08-14 12:09:28.762 [main] DEBUG c.q.x.a.d.mapper.RoleDOMapper.selectEnableList - ==> Parameters: 
2025-08-14 12:09:28.776 [main] DEBUG c.q.x.a.d.mapper.RoleDOMapper.selectEnableList - <==      Total: 1
2025-08-14 12:09:28.791 [main] DEBUG c.q.x.a.d.m.RolePermissionDOMapper.selectByRoleIds - ==>  Preparing: select role_id, permission_id from t_role_permission_rel where role_id in ( ? )
2025-08-14 12:09:28.794 [main] DEBUG c.q.x.a.d.m.RolePermissionDOMapper.selectByRoleIds - ==> Parameters: 1(Long)
2025-08-14 12:09:28.796 [main] DEBUG c.q.x.a.d.m.RolePermissionDOMapper.selectByRoleIds - <==      Total: 2
2025-08-14 12:09:28.796 [main] DEBUG c.q.x.a.d.m.P.selectAppEnabledList - ==>  Preparing: select id, name, permission_key from t_permission where status = 0 and type = 3 and is_deleted = 0;
2025-08-14 12:09:28.798 [main] DEBUG c.q.x.a.d.m.P.selectAppEnabledList - ==> Parameters: 
2025-08-14 12:09:28.799 [main] DEBUG c.q.x.a.d.m.P.selectAppEnabledList - <==      Total: 2
2025-08-14 12:09:29.157 [main] INFO  c.q.x.auth.runner.PushRolePermissions2RedisRunner - ==> 服务启动，成功同步角色权限数据到 Redis 中...
2025-08-14 12:13:27.593 [SpringApplicationShutdownHook] INFO  com.alibaba.druid.pool.DruidDataSource - {dataSource-1} closing ...
2025-08-14 12:13:27.599 [SpringApplicationShutdownHook] INFO  com.alibaba.druid.pool.DruidDataSource - {dataSource-1} closed
2025-08-14 12:13:30.819 [main] INFO  c.q.xiaohashu.auth.XiaohashuAuthApplication - Starting XiaohashuAuthApplication using Java 17 with PID 15556 (D:\Program Files\Project\IdeaProjects\xiaohashu_tang\xiaohashu-auth\target\classes started by Administrator in D:\Program Files\Project\IdeaProjects\xiaohashu_tang)
2025-08-14 12:13:30.820 [main] INFO  c.q.xiaohashu.auth.XiaohashuAuthApplication - The following 1 profile is active: "dev"
2025-08-14 12:13:31.295 [main] INFO  o.s.d.r.config.RepositoryConfigurationDelegate - Multiple Spring Data modules found, entering strict repository configuration mode
2025-08-14 12:13:31.297 [main] INFO  o.s.d.r.config.RepositoryConfigurationDelegate - Bootstrapping Spring Data Redis repositories in DEFAULT mode.
2025-08-14 12:13:31.317 [main] INFO  o.s.d.r.config.RepositoryConfigurationDelegate - Finished Spring Data repository scanning in 12 ms. Found 0 Redis repository interfaces.
2025-08-14 12:13:31.837 [main] INFO  o.s.boot.web.embedded.tomcat.TomcatWebServer - Tomcat initialized with port(s): 8080 (http)
2025-08-14 12:13:31.848 [main] INFO  org.apache.catalina.core.StandardService - Starting service [Tomcat]
2025-08-14 12:13:31.848 [main] INFO  org.apache.catalina.core.StandardEngine - Starting Servlet engine: [Apache Tomcat/10.1.5]
2025-08-14 12:13:31.917 [main] INFO  o.a.c.core.ContainerBase.[Tomcat].[localhost].[/] - Initializing Spring embedded WebApplicationContext
2025-08-14 12:13:31.917 [main] INFO  o.s.b.w.s.c.ServletWebServerApplicationContext - Root WebApplicationContext: initialization completed in 1066 ms
2025-08-14 12:13:31.991 [main] INFO  c.a.d.s.b.a.DruidDataSourceAutoConfigure - Init DruidDataSource
2025-08-14 12:13:32.208 [main] INFO  com.alibaba.druid.pool.DruidDataSource - {dataSource-1} inited
2025-08-14 12:13:32.868 [main] INFO  o.s.boot.web.embedded.tomcat.TomcatWebServer - Tomcat started on port(s): 8080 (http) with context path ''
2025-08-14 12:13:32.874 [main] INFO  c.q.xiaohashu.auth.XiaohashuAuthApplication - Started XiaohashuAuthApplication in 2.387 seconds (process running for 2.768)
2025-08-14 12:13:32.875 [main] INFO  c.q.x.auth.runner.PushRolePermissions2RedisRunner - ==> 服务启动，开始同步角色权限数据到 Redis 中...
2025-08-14 12:13:33.139 [main] WARN  c.q.x.auth.runner.PushRolePermissions2RedisRunner - ==> 角色权限已经同步
2025-08-14 12:13:46.182 [SpringApplicationShutdownHook] INFO  com.alibaba.druid.pool.DruidDataSource - {dataSource-1} closing ...
2025-08-14 12:13:46.188 [SpringApplicationShutdownHook] INFO  com.alibaba.druid.pool.DruidDataSource - {dataSource-1} closed
2025-08-14 12:13:47.849 [main] INFO  c.q.xiaohashu.auth.XiaohashuAuthApplication - Starting XiaohashuAuthApplication using Java 17 with PID 16704 (D:\Program Files\Project\IdeaProjects\xiaohashu_tang\xiaohashu-auth\target\classes started by Administrator in D:\Program Files\Project\IdeaProjects\xiaohashu_tang)
2025-08-14 12:13:47.850 [main] INFO  c.q.xiaohashu.auth.XiaohashuAuthApplication - The following 1 profile is active: "dev"
2025-08-14 12:13:48.330 [main] INFO  o.s.d.r.config.RepositoryConfigurationDelegate - Multiple Spring Data modules found, entering strict repository configuration mode
2025-08-14 12:13:48.331 [main] INFO  o.s.d.r.config.RepositoryConfigurationDelegate - Bootstrapping Spring Data Redis repositories in DEFAULT mode.
2025-08-14 12:13:48.348 [main] INFO  o.s.d.r.config.RepositoryConfigurationDelegate - Finished Spring Data repository scanning in 8 ms. Found 0 Redis repository interfaces.
2025-08-14 12:13:48.815 [main] INFO  o.s.boot.web.embedded.tomcat.TomcatWebServer - Tomcat initialized with port(s): 8080 (http)
2025-08-14 12:13:48.820 [main] INFO  org.apache.catalina.core.StandardService - Starting service [Tomcat]
2025-08-14 12:13:48.821 [main] INFO  org.apache.catalina.core.StandardEngine - Starting Servlet engine: [Apache Tomcat/10.1.5]
2025-08-14 12:13:48.888 [main] INFO  o.a.c.core.ContainerBase.[Tomcat].[localhost].[/] - Initializing Spring embedded WebApplicationContext
2025-08-14 12:13:48.889 [main] INFO  o.s.b.w.s.c.ServletWebServerApplicationContext - Root WebApplicationContext: initialization completed in 1006 ms
2025-08-14 12:13:48.968 [main] INFO  c.a.d.s.b.a.DruidDataSourceAutoConfigure - Init DruidDataSource
2025-08-14 12:13:49.190 [main] INFO  com.alibaba.druid.pool.DruidDataSource - {dataSource-1} inited
2025-08-14 12:13:49.828 [main] INFO  o.s.boot.web.embedded.tomcat.TomcatWebServer - Tomcat started on port(s): 8080 (http) with context path ''
2025-08-14 12:13:49.834 [main] INFO  c.q.xiaohashu.auth.XiaohashuAuthApplication - Started XiaohashuAuthApplication in 2.298 seconds (process running for 2.637)
2025-08-14 12:13:49.835 [main] INFO  c.q.x.auth.runner.PushRolePermissions2RedisRunner - ==> 服务启动，开始同步角色权限数据到 Redis 中...
2025-08-14 12:13:50.101 [main] DEBUG c.q.x.a.d.mapper.RoleDOMapper.selectEnableList - ==>  Preparing: select id, role_key, role_name from t_role where status = 0 and is_deleted = 0
2025-08-14 12:13:50.205 [main] DEBUG c.q.x.a.d.mapper.RoleDOMapper.selectEnableList - ==> Parameters: 
2025-08-14 12:13:50.216 [main] DEBUG c.q.x.a.d.mapper.RoleDOMapper.selectEnableList - <==      Total: 1
2025-08-14 12:13:50.229 [main] DEBUG c.q.x.a.d.m.RolePermissionDOMapper.selectByRoleIds - ==>  Preparing: select role_id, permission_id from t_role_permission_rel where role_id in ( ? )
2025-08-14 12:13:50.232 [main] DEBUG c.q.x.a.d.m.RolePermissionDOMapper.selectByRoleIds - ==> Parameters: 1(Long)
2025-08-14 12:13:50.233 [main] DEBUG c.q.x.a.d.m.RolePermissionDOMapper.selectByRoleIds - <==      Total: 2
2025-08-14 12:13:50.234 [main] DEBUG c.q.x.a.d.m.P.selectAppEnabledList - ==>  Preparing: select id, name, permission_key from t_permission where status = 0 and type = 3 and is_deleted = 0;
2025-08-14 12:13:50.235 [main] DEBUG c.q.x.a.d.m.P.selectAppEnabledList - ==> Parameters: 
2025-08-14 12:13:50.236 [main] DEBUG c.q.x.a.d.m.P.selectAppEnabledList - <==      Total: 2
2025-08-14 12:13:50.269 [main] INFO  c.q.x.auth.runner.PushRolePermissions2RedisRunner - ==> 服务启动，成功同步角色权限数据到 Redis 中...
2025-08-14 12:14:06.733 [SpringApplicationShutdownHook] INFO  com.alibaba.druid.pool.DruidDataSource - {dataSource-1} closing ...
2025-08-14 12:14:06.738 [SpringApplicationShutdownHook] INFO  com.alibaba.druid.pool.DruidDataSource - {dataSource-1} closed
2025-08-14 12:14:08.404 [main] INFO  c.q.xiaohashu.auth.XiaohashuAuthApplication - Starting XiaohashuAuthApplication using Java 17 with PID 24652 (D:\Program Files\Project\IdeaProjects\xiaohashu_tang\xiaohashu-auth\target\classes started by Administrator in D:\Program Files\Project\IdeaProjects\xiaohashu_tang)
2025-08-14 12:14:08.405 [main] INFO  c.q.xiaohashu.auth.XiaohashuAuthApplication - The following 1 profile is active: "dev"
2025-08-14 12:14:08.892 [main] INFO  o.s.d.r.config.RepositoryConfigurationDelegate - Multiple Spring Data modules found, entering strict repository configuration mode
2025-08-14 12:14:08.893 [main] INFO  o.s.d.r.config.RepositoryConfigurationDelegate - Bootstrapping Spring Data Redis repositories in DEFAULT mode.
2025-08-14 12:14:08.915 [main] INFO  o.s.d.r.config.RepositoryConfigurationDelegate - Finished Spring Data repository scanning in 10 ms. Found 0 Redis repository interfaces.
2025-08-14 12:14:09.387 [main] INFO  o.s.boot.web.embedded.tomcat.TomcatWebServer - Tomcat initialized with port(s): 8080 (http)
2025-08-14 12:14:09.392 [main] INFO  org.apache.catalina.core.StandardService - Starting service [Tomcat]
2025-08-14 12:14:09.393 [main] INFO  org.apache.catalina.core.StandardEngine - Starting Servlet engine: [Apache Tomcat/10.1.5]
2025-08-14 12:14:09.462 [main] INFO  o.a.c.core.ContainerBase.[Tomcat].[localhost].[/] - Initializing Spring embedded WebApplicationContext
2025-08-14 12:14:09.463 [main] INFO  o.s.b.w.s.c.ServletWebServerApplicationContext - Root WebApplicationContext: initialization completed in 1027 ms
2025-08-14 12:14:09.540 [main] INFO  c.a.d.s.b.a.DruidDataSourceAutoConfigure - Init DruidDataSource
2025-08-14 12:14:09.754 [main] INFO  com.alibaba.druid.pool.DruidDataSource - {dataSource-1} inited
2025-08-14 12:14:10.418 [main] INFO  o.s.boot.web.embedded.tomcat.TomcatWebServer - Tomcat started on port(s): 8080 (http) with context path ''
2025-08-14 12:14:10.423 [main] INFO  c.q.xiaohashu.auth.XiaohashuAuthApplication - Started XiaohashuAuthApplication in 2.334 seconds (process running for 2.713)
2025-08-14 12:14:10.424 [main] INFO  c.q.x.auth.runner.PushRolePermissions2RedisRunner - ==> 服务启动，开始同步角色权限数据到 Redis 中...
2025-08-14 12:14:10.690 [main] DEBUG c.q.x.a.d.mapper.RoleDOMapper.selectEnableList - ==>  Preparing: select id, role_key, role_name from t_role where status = 0 and is_deleted = 0
2025-08-14 12:14:10.794 [main] DEBUG c.q.x.a.d.mapper.RoleDOMapper.selectEnableList - ==> Parameters: 
2025-08-14 12:14:10.808 [main] DEBUG c.q.x.a.d.mapper.RoleDOMapper.selectEnableList - <==      Total: 1
2025-08-14 12:14:10.820 [main] DEBUG c.q.x.a.d.m.RolePermissionDOMapper.selectByRoleIds - ==>  Preparing: select role_id, permission_id from t_role_permission_rel where role_id in ( ? )
2025-08-14 12:14:10.822 [main] DEBUG c.q.x.a.d.m.RolePermissionDOMapper.selectByRoleIds - ==> Parameters: 1(Long)
2025-08-14 12:14:10.824 [main] DEBUG c.q.x.a.d.m.RolePermissionDOMapper.selectByRoleIds - <==      Total: 2
2025-08-14 12:14:10.825 [main] DEBUG c.q.x.a.d.m.P.selectAppEnabledList - ==>  Preparing: select id, name, permission_key from t_permission where status = 0 and type = 3 and is_deleted = 0;
2025-08-14 12:14:10.826 [main] DEBUG c.q.x.a.d.m.P.selectAppEnabledList - ==> Parameters: 
2025-08-14 12:14:10.827 [main] DEBUG c.q.x.a.d.m.P.selectAppEnabledList - <==      Total: 2
2025-08-14 12:14:10.859 [main] INFO  c.q.x.auth.runner.PushRolePermissions2RedisRunner - ==> 服务启动，成功同步角色权限数据到 Redis 中...
2025-08-14 12:14:25.882 [SpringApplicationShutdownHook] INFO  com.alibaba.druid.pool.DruidDataSource - {dataSource-1} closing ...
2025-08-14 12:14:25.887 [SpringApplicationShutdownHook] INFO  com.alibaba.druid.pool.DruidDataSource - {dataSource-1} closed
2025-08-14 12:14:29.198 [main] INFO  c.q.xiaohashu.auth.XiaohashuAuthApplication - Starting XiaohashuAuthApplication using Java 17 with PID 19692 (D:\Program Files\Project\IdeaProjects\xiaohashu_tang\xiaohashu-auth\target\classes started by Administrator in D:\Program Files\Project\IdeaProjects\xiaohashu_tang)
2025-08-14 12:14:29.199 [main] INFO  c.q.xiaohashu.auth.XiaohashuAuthApplication - The following 1 profile is active: "dev"
2025-08-14 12:14:29.653 [main] INFO  o.s.d.r.config.RepositoryConfigurationDelegate - Multiple Spring Data modules found, entering strict repository configuration mode
2025-08-14 12:14:29.655 [main] INFO  o.s.d.r.config.RepositoryConfigurationDelegate - Bootstrapping Spring Data Redis repositories in DEFAULT mode.
2025-08-14 12:14:29.672 [main] INFO  o.s.d.r.config.RepositoryConfigurationDelegate - Finished Spring Data repository scanning in 8 ms. Found 0 Redis repository interfaces.
2025-08-14 12:14:30.083 [main] INFO  o.s.boot.web.embedded.tomcat.TomcatWebServer - Tomcat initialized with port(s): 8080 (http)
2025-08-14 12:14:30.088 [main] INFO  org.apache.catalina.core.StandardService - Starting service [Tomcat]
2025-08-14 12:14:30.088 [main] INFO  org.apache.catalina.core.StandardEngine - Starting Servlet engine: [Apache Tomcat/10.1.5]
2025-08-14 12:14:30.155 [main] INFO  o.a.c.core.ContainerBase.[Tomcat].[localhost].[/] - Initializing Spring embedded WebApplicationContext
2025-08-14 12:14:30.155 [main] INFO  o.s.b.w.s.c.ServletWebServerApplicationContext - Root WebApplicationContext: initialization completed in 927 ms
2025-08-14 12:14:30.232 [main] INFO  c.a.d.s.b.a.DruidDataSourceAutoConfigure - Init DruidDataSource
2025-08-14 12:14:30.460 [main] INFO  com.alibaba.druid.pool.DruidDataSource - {dataSource-1} inited
2025-08-14 12:14:31.234 [main] INFO  o.s.boot.web.embedded.tomcat.TomcatWebServer - Tomcat started on port(s): 8080 (http) with context path ''
2025-08-14 12:14:31.240 [main] INFO  c.q.xiaohashu.auth.XiaohashuAuthApplication - Started XiaohashuAuthApplication in 2.353 seconds (process running for 2.68)
2025-08-14 12:14:31.242 [main] INFO  c.q.x.auth.runner.PushRolePermissions2RedisRunner - ==> 服务启动，开始同步角色权限数据到 Redis 中...
2025-08-14 12:14:31.506 [main] DEBUG c.q.x.a.d.mapper.RoleDOMapper.selectEnableList - ==>  Preparing: select id, role_key, role_name from t_role where status = 0 and is_deleted = 0
2025-08-14 12:14:31.615 [main] DEBUG c.q.x.a.d.mapper.RoleDOMapper.selectEnableList - ==> Parameters: 
2025-08-14 12:14:31.629 [main] DEBUG c.q.x.a.d.mapper.RoleDOMapper.selectEnableList - <==      Total: 1
2025-08-14 12:14:31.640 [main] DEBUG c.q.x.a.d.m.RolePermissionDOMapper.selectByRoleIds - ==>  Preparing: select role_id, permission_id from t_role_permission_rel where role_id in ( ? )
2025-08-14 12:14:31.642 [main] DEBUG c.q.x.a.d.m.RolePermissionDOMapper.selectByRoleIds - ==> Parameters: 1(Long)
2025-08-14 12:14:31.644 [main] DEBUG c.q.x.a.d.m.RolePermissionDOMapper.selectByRoleIds - <==      Total: 2
2025-08-14 12:14:31.644 [main] DEBUG c.q.x.a.d.m.P.selectAppEnabledList - ==>  Preparing: select id, name, permission_key from t_permission where status = 0 and type = 3 and is_deleted = 0;
2025-08-14 12:14:31.645 [main] DEBUG c.q.x.a.d.m.P.selectAppEnabledList - ==> Parameters: 
2025-08-14 12:14:31.646 [main] DEBUG c.q.x.a.d.m.P.selectAppEnabledList - <==      Total: 2
2025-08-14 12:14:31.680 [main] INFO  c.q.x.auth.runner.PushRolePermissions2RedisRunner - ==> 服务启动，成功同步角色权限数据到 Redis 中...
2025-08-14 12:15:38.288 [SpringApplicationShutdownHook] INFO  com.alibaba.druid.pool.DruidDataSource - {dataSource-1} closing ...
2025-08-14 12:15:38.292 [SpringApplicationShutdownHook] INFO  com.alibaba.druid.pool.DruidDataSource - {dataSource-1} closed
2025-08-14 12:15:41.567 [main] INFO  c.q.xiaohashu.auth.XiaohashuAuthApplication - Starting XiaohashuAuthApplication using Java 17 with PID 27824 (D:\Program Files\Project\IdeaProjects\xiaohashu_tang\xiaohashu-auth\target\classes started by Administrator in D:\Program Files\Project\IdeaProjects\xiaohashu_tang)
2025-08-14 12:15:41.569 [main] INFO  c.q.xiaohashu.auth.XiaohashuAuthApplication - The following 1 profile is active: "dev"
2025-08-14 12:15:42.056 [main] INFO  o.s.d.r.config.RepositoryConfigurationDelegate - Multiple Spring Data modules found, entering strict repository configuration mode
2025-08-14 12:15:42.058 [main] INFO  o.s.d.r.config.RepositoryConfigurationDelegate - Bootstrapping Spring Data Redis repositories in DEFAULT mode.
2025-08-14 12:15:42.078 [main] INFO  o.s.d.r.config.RepositoryConfigurationDelegate - Finished Spring Data repository scanning in 10 ms. Found 0 Redis repository interfaces.
2025-08-14 12:15:42.518 [main] INFO  o.s.boot.web.embedded.tomcat.TomcatWebServer - Tomcat initialized with port(s): 8080 (http)
2025-08-14 12:15:42.524 [main] INFO  org.apache.catalina.core.StandardService - Starting service [Tomcat]
2025-08-14 12:15:42.525 [main] INFO  org.apache.catalina.core.StandardEngine - Starting Servlet engine: [Apache Tomcat/10.1.5]
2025-08-14 12:15:42.595 [main] INFO  o.a.c.core.ContainerBase.[Tomcat].[localhost].[/] - Initializing Spring embedded WebApplicationContext
2025-08-14 12:15:42.595 [main] INFO  o.s.b.w.s.c.ServletWebServerApplicationContext - Root WebApplicationContext: initialization completed in 994 ms
2025-08-14 12:15:42.672 [main] INFO  c.a.d.s.b.a.DruidDataSourceAutoConfigure - Init DruidDataSource
2025-08-14 12:15:42.890 [main] INFO  com.alibaba.druid.pool.DruidDataSource - {dataSource-1} inited
2025-08-14 12:15:43.529 [main] INFO  o.s.boot.web.embedded.tomcat.TomcatWebServer - Tomcat started on port(s): 8080 (http) with context path ''
2025-08-14 12:15:43.535 [main] INFO  c.q.xiaohashu.auth.XiaohashuAuthApplication - Started XiaohashuAuthApplication in 2.304 seconds (process running for 2.63)
2025-08-14 12:15:43.536 [main] INFO  c.q.x.auth.runner.PushRolePermissions2RedisRunner - ==> 服务启动，开始同步角色权限数据到 Redis 中...
2025-08-14 12:15:43.785 [main] WARN  c.q.x.auth.runner.PushRolePermissions2RedisRunner - ==> 角色权限已经同步
